0:0:0:0:0:0:0:1 - - [02/Dec/2021:12:51:16 +0700] "GET / HTTP/1.1" 200 1123
0:0:0:0:0:0:0:1 - - [02/Dec/2021:12:51:16 +0700] "GET /css/bootstrap.min.css HTTP/1.1" 200 83044
0:0:0:0:0:0:0:1 - - [02/Dec/2021:12:51:16 +0700] "GET /favicon.ico HTTP/1.1" 500 6059
0:0:0:0:0:0:0:1 - - [02/Dec/2021:12:55:10 +0700] "GET / HTTP/1.1" 200 1123
0:0:0:0:0:0:0:1 - - [02/Dec/2021:12:55:10 +0700] "GET /css/bootstrap.min.css HTTP/1.1" 304 -
0:0:0:0:0:0:0:1 - - [02/Dec/2021:12:55:10 +0700] "GET /favicon.ico HTTP/1.1" 500 6059
0:0:0:0:0:0:0:1 - - [02/Dec/2021:13:00:47 +0700] "GET / HTTP/1.1" 500 11160
0:0:0:0:0:0:0:1 - - [02/Dec/2021:13:00:47 +0700] "GET /favicon.ico HTTP/1.1" 500 6059
0:0:0:0:0:0:0:1 - - [02/Dec/2021:13:01:59 +0700] "GET / HTTP/1.1" 200 1123
0:0:0:0:0:0:0:1 - - [02/Dec/2021:13:01:59 +0700] "GET /css/bootstrap.min.css HTTP/1.1" 304 -
0:0:0:0:0:0:0:1 - - [02/Dec/2021:13:01:59 +0700] "GET /favicon.ico HTTP/1.1" 500 6059
0:0:0:0:0:0:0:1 - - [02/Dec/2021:13:12:07 +0700] "GET / HTTP/1.1" 200 1123
0:0:0:0:0:0:0:1 - - [02/Dec/2021:13:12:07 +0700] "GET /css/bootstrap.min.css HTTP/1.1" 304 -
0:0:0:0:0:0:0:1 - - [02/Dec/2021:13:12:07 +0700] "GET /favicon.ico HTTP/1.1" 500 6059
0:0:0:0:0:0:0:1 - - [02/Dec/2021:13:12:09 +0700] "GET /?form HTTP/1.1" 500 11775
0:0:0:0:0:0:0:1 - - [02/Dec/2021:13:12:09 +0700] "GET /favicon.ico HTTP/1.1" 500 3966
0:0:0:0:0:0:0:1 - - [02/Dec/2021:13:12:13 +0700] "GET /favicon.ico HTTP/1.1" 500 3966
0:0:0:0:0:0:0:1 - - [02/Dec/2021:13:14:10 +0700] "GET / HTTP/1.1" 200 1123
0:0:0:0:0:0:0:1 - - [02/Dec/2021:13:14:10 +0700] "GET /favicon.ico HTTP/1.1" 500 3966
0:0:0:0:0:0:0:1 - - [02/Dec/2021:13:14:25 +0700] "GET / HTTP/1.1" 200 1123
0:0:0:0:0:0:0:1 - - [02/Dec/2021:13:14:25 +0700] "GET /favicon.ico HTTP/1.1" 500 6059
