0:0:0:0:0:0:0:1 - - [01/Dec/2021:18:09:33 +0700] "GET / HTTP/1.1" 500 4113
0:0:0:0:0:0:0:1 - - [01/Dec/2021:18:09:34 +0700] "GET /favicon.ico HTTP/1.1" 500 6059
0:0:0:0:0:0:0:1 - - [01/Dec/2021:18:10:13 +0700] "GET / HTTP/1.1" 500 4113
0:0:0:0:0:0:0:1 - - [01/Dec/2021:18:10:13 +0700] "GET /favicon.ico HTTP/1.1" 500 3966
0:0:0:0:0:0:0:1 - - [01/Dec/2021:18:12:27 +0700] "GET / HTTP/1.1" 500 4113
0:0:0:0:0:0:0:1 - - [01/Dec/2021:18:12:27 +0700] "GET /favicon.ico HTTP/1.1" 500 3966
0:0:0:0:0:0:0:1 - - [01/Dec/2021:21:26:39 +0700] "GET / HTTP/1.1" 404 949
0:0:0:0:0:0:0:1 - - [01/Dec/2021:21:26:39 +0700] "GET /favicon.ico HTTP/1.1" 500 6059
0:0:0:0:0:0:0:1 - - [01/Dec/2021:21:26:44 +0700] "GET / HTTP/1.1" 404 949
0:0:0:0:0:0:0:1 - - [01/Dec/2021:21:26:44 +0700] "GET /favicon.ico HTTP/1.1" 500 3966
0:0:0:0:0:0:0:1 - - [01/Dec/2021:21:29:25 +0700] "GET /index HTTP/1.1" 405 1045
0:0:0:0:0:0:0:1 - - [01/Dec/2021:21:29:25 +0700] "GET /favicon.ico HTTP/1.1" 500 3966
0:0:0:0:0:0:0:1 - - [01/Dec/2021:21:30:13 +0700] "GET /favicon.ico HTTP/1.1" 500 3966
0:0:0:0:0:0:0:1 - - [01/Dec/2021:21:30:15 +0700] "GET /greeting HTTP/1.1" 404 949
0:0:0:0:0:0:0:1 - - [01/Dec/2021:21:30:15 +0700] "GET /favicon.ico HTTP/1.1" 500 3966
0:0:0:0:0:0:0:1 - - [01/Dec/2021:21:32:13 +0700] "GET /index HTTP/1.1" 404 949
0:0:0:0:0:0:0:1 - - [01/Dec/2021:21:32:13 +0700] "GET /favicon.ico HTTP/1.1" 500 6059
0:0:0:0:0:0:0:1 - - [01/Dec/2021:21:34:25 +0700] "GET / HTTP/1.1" 404 949
0:0:0:0:0:0:0:1 - - [01/Dec/2021:21:34:25 +0700] "GET /favicon.ico HTTP/1.1" 500 6059
0:0:0:0:0:0:0:1 - - [01/Dec/2021:21:34:30 +0700] "GET /doctor HTTP/1.1" 500 7789
0:0:0:0:0:0:0:1 - - [01/Dec/2021:21:34:30 +0700] "GET /favicon.ico HTTP/1.1" 500 3966
0:0:0:0:0:0:0:1 - - [01/Dec/2021:21:35:14 +0700] "GET /doctor?email=%221%22 HTTP/1.1" 500 7789
0:0:0:0:0:0:0:1 - - [01/Dec/2021:21:35:14 +0700] "GET /favicon.ico HTTP/1.1" 500 3966
0:0:0:0:0:0:0:1 - - [01/Dec/2021:22:45:27 +0700] "GET / HTTP/1.1" 404 949
0:0:0:0:0:0:0:1 - - [01/Dec/2021:22:45:27 +0700] "GET /favicon.ico HTTP/1.1" 500 6059
0:0:0:0:0:0:0:1 - - [01/Dec/2021:22:45:45 +0700] "GET /doctorCab HTTP/1.1" 200 211
0:0:0:0:0:0:0:1 - - [01/Dec/2021:22:45:45 +0700] "GET /favicon.ico HTTP/1.1" 500 3966
0:0:0:0:0:0:0:1 - - [01/Dec/2021:22:46:52 +0700] "GET /doctorCab?email=email HTTP/1.1" 200 212
0:0:0:0:0:0:0:1 - - [01/Dec/2021:22:46:52 +0700] "GET /favicon.ico HTTP/1.1" 500 3966
0:0:0:0:0:0:0:1 - - [01/Dec/2021:22:49:10 +0700] "GET /doctorCab?email=email?password=password HTTP/1.1" 200 250
0:0:0:0:0:0:0:1 - - [01/Dec/2021:22:49:10 +0700] "GET /favicon.ico HTTP/1.1" 500 6059
0:0:0:0:0:0:0:1 - - [01/Dec/2021:22:49:21 +0700] "GET /doctorCab?email=email,%20password=password HTTP/1.1" 200 251
0:0:0:0:0:0:0:1 - - [01/Dec/2021:22:49:21 +0700] "GET /favicon.ico HTTP/1.1" 500 3966
0:0:0:0:0:0:0:1 - - [01/Dec/2021:22:49:35 +0700] "GET /doctorCab?email=email,password=password HTTP/1.1" 200 250
0:0:0:0:0:0:0:1 - - [01/Dec/2021:22:49:35 +0700] "GET /favicon.ico HTTP/1.1" 500 3966
0:0:0:0:0:0:0:1 - - [01/Dec/2021:22:49:40 +0700] "GET /doctorCab?email=email;password=password HTTP/1.1" 200 250
0:0:0:0:0:0:0:1 - - [01/Dec/2021:22:49:41 +0700] "GET /favicon.ico HTTP/1.1" 500 3966
0:0:0:0:0:0:0:1 - - [01/Dec/2021:22:49:49 +0700] "GET /doctorCab?email=email?password=password HTTP/1.1" 200 250
0:0:0:0:0:0:0:1 - - [01/Dec/2021:22:49:50 +0700] "GET /favicon.ico HTTP/1.1" 500 3966
0:0:0:0:0:0:0:1 - - [01/Dec/2021:22:49:56 +0700] "GET /doctorCab?email=email;?password=password HTTP/1.1" 200 251
0:0:0:0:0:0:0:1 - - [01/Dec/2021:22:49:56 +0700] "GET /favicon.ico HTTP/1.1" 500 3966
